<?xml version="1.0" encoding="UTF-8"?>
<!-- Generated by org.testng.reporters.JUnitReportReporter -->
<testsuite skipped="0" hostname="DipanGarg" name="tests.LoginTests" tests="2" failures="0" timestamp="29 Apr 2018 18:34:47 GMT" time="0.375" errors="0">
  <testcase name="invalidLoginTest_InvalidUserNameInvalidPasswordGOINGFORWARD" time="0.375" classname="tests.LoginTests"/>
  <testcase name="invalidLoginTest_InvalidUserNameInvalidPasswordGOINGFORWARD" time="0.000" classname="tests.LoginTests"/>
</testsuite> <!-- tests.LoginTests -->
